  CodeOps.cpp
C:\Users\Bryce\source\repos\ProgrammingLanguage\QueC\Symbols.h(71,1): warning C4267: 'initializing': conversion from 'size_t' to 'int', possible loss of data
C:\Users\Bryce\source\repos\ProgrammingLanguage\QueC\Symbols.h(79,1): warning C4267: 'initializing': conversion from 'size_t' to 'int', possible loss of data
C:\Users\Bryce\source\repos\ProgrammingLanguage\QueC\Symbols.h(86,10): warning C4244: 'return': conversion from 'uint64_t' to 'int', possible loss of data
C:\Users\Bryce\source\repos\ProgrammingLanguage\QueC\Symbols.h(312,1): warning C4267: 'initializing': conversion from 'size_t' to 'int', possible loss of data
  Compiler.cpp
C:\Users\Bryce\source\repos\ProgrammingLanguage\QueC\Symbols.h(71,1): warning C4267: 'initializing': conversion from 'size_t' to 'int', possible loss of data
C:\Users\Bryce\source\repos\ProgrammingLanguage\QueC\Symbols.h(79,1): warning C4267: 'initializing': conversion from 'size_t' to 'int', possible loss of data
C:\Users\Bryce\source\repos\ProgrammingLanguage\QueC\Symbols.h(86,10): warning C4244: 'return': conversion from 'uint64_t' to 'int', possible loss of data
C:\Users\Bryce\source\repos\ProgrammingLanguage\QueC\Symbols.h(312,1): warning C4267: 'initializing': conversion from 'size_t' to 'int', possible loss of data
C:\Users\Bryce\source\repos\ProgrammingLanguage\QueC\Compiler.cpp(172,98): warning C4267: 'initializing': conversion from 'size_t' to 'uint32_t', possible loss of data
C:\Users\Bryce\source\repos\ProgrammingLanguage\QueC\Compiler.cpp(179,41): warning C4267: 'initializing': conversion from 'size_t' to 'int', possible loss of data
C:\Users\Bryce\source\repos\ProgrammingLanguage\QueC\Compiler.cpp(192,98): warning C4267: 'initializing': conversion from 'size_t' to 'uint32_t', possible loss of data
C:\Users\Bryce\source\repos\ProgrammingLanguage\QueC\Compiler.cpp(200,41): warning C4267: 'initializing': conversion from 'size_t' to 'int', possible loss of data
C:\Users\Bryce\source\repos\ProgrammingLanguage\QueC\Compiler.cpp(214,71): warning C4267: 'initializing': conversion from 'size_t' to 'uint32_t', possible loss of data
C:\Users\Bryce\source\repos\ProgrammingLanguage\QueC\Compiler.cpp(217,20): warning C4018: '<': signed/unsigned mismatch
C:\Users\Bryce\source\repos\ProgrammingLanguage\QueC\Compiler.cpp(988,38): warning C4244: 'argument': conversion from 'uint64_t' to 'int', possible loss of data
C:\Users\Bryce\source\repos\ProgrammingLanguage\QueC\Compiler.cpp(992,55): warning C4244: 'argument': conversion from 'uint64_t' to 'int', possible loss of data
  ConstantOps.cpp
C:\Users\Bryce\source\repos\ProgrammingLanguage\QueC\Symbols.h(71,1): warning C4267: 'initializing': conversion from 'size_t' to 'int', possible loss of data
C:\Users\Bryce\source\repos\ProgrammingLanguage\QueC\Symbols.h(79,1): warning C4267: 'initializing': conversion from 'size_t' to 'int', possible loss of data
C:\Users\Bryce\source\repos\ProgrammingLanguage\QueC\Symbols.h(86,10): warning C4244: 'return': conversion from 'uint64_t' to 'int', possible loss of data
C:\Users\Bryce\source\repos\ProgrammingLanguage\QueC\Symbols.h(312,1): warning C4267: 'initializing': conversion from 'size_t' to 'int', possible loss of data
  ProgramFlowOps.cpp
C:\Users\Bryce\source\repos\ProgrammingLanguage\QueC\Symbols.h(71,1): warning C4267: 'initializing': conversion from 'size_t' to 'int', possible loss of data
C:\Users\Bryce\source\repos\ProgrammingLanguage\QueC\Symbols.h(79,1): warning C4267: 'initializing': conversion from 'size_t' to 'int', possible loss of data
C:\Users\Bryce\source\repos\ProgrammingLanguage\QueC\Symbols.h(86,10): warning C4244: 'return': conversion from 'uint64_t' to 'int', possible loss of data
C:\Users\Bryce\source\repos\ProgrammingLanguage\QueC\Symbols.h(312,1): warning C4267: 'initializing': conversion from 'size_t' to 'int', possible loss of data
  qc.cpp
C:\Users\Bryce\source\repos\ProgrammingLanguage\QueC\Symbols.h(71,1): warning C4267: 'initializing': conversion from 'size_t' to 'int', possible loss of data
C:\Users\Bryce\source\repos\ProgrammingLanguage\QueC\Symbols.h(79,1): warning C4267: 'initializing': conversion from 'size_t' to 'int', possible loss of data
C:\Users\Bryce\source\repos\ProgrammingLanguage\QueC\Symbols.h(86,10): warning C4244: 'return': conversion from 'uint64_t' to 'int', possible loss of data
C:\Users\Bryce\source\repos\ProgrammingLanguage\QueC\Symbols.h(312,1): warning C4267: 'initializing': conversion from 'size_t' to 'int', possible loss of data
  Generating Code...
  QueC.vcxproj -> C:\Users\Bryce\source\repos\ProgrammingLanguage\x64\Debug\QueC.exe
